2026-03-02T16:25:36.975+0800	[34mINFO[0m	clients/client_factory.go:47	logDir:<tmp/nacos/log>   cacheDir:<tmp/nacos/cache>
2026-03-02T16:25:37.076+0800	[31mERROR[0m	nacos_server/nacos_server.go:199	api</v1/cs/configs>,method:<GET>, params:<{"accessToken":"eyJhbGciOiJIUzI1NiJ9.eyJzdWIiOiJuYWNvcyIsImV4cCI6MTc3MjQ1NzkzN30.lxNd7S4yUbW_n-RQQmq59dlzvwMlXcCnXwJDNpi6ZC8","dataId":"goods","group":"mall_srv","tenant":"72c3d40e-f806-45d9-b801-a708c9eead74"}>, call domain error:<[404] config data not exist
> , result:<config data not exist
>
2026-03-02T16:25:37.156+0800	[31mERROR[0m	nacos_server/nacos_server.go:199	api</v1/cs/configs>,method:<GET>, params:<{"accessToken":"eyJhbGciOiJIUzI1NiJ9.eyJzdWIiOiJuYWNvcyIsImV4cCI6MTc3MjQ1NzkzN30.lxNd7S4yUbW_n-RQQmq59dlzvwMlXcCnXwJDNpi6ZC8","dataId":"goods","group":"mall_srv","tenant":"72c3d40e-f806-45d9-b801-a708c9eead74"}>, call domain error:<[404] config data not exist
> , result:<config data not exist
>
2026-03-02T16:25:37.204+0800	[31mERROR[0m	nacos_server/nacos_server.go:199	api</v1/cs/configs>,method:<GET>, params:<{"accessToken":"eyJhbGciOiJIUzI1NiJ9.eyJzdWIiOiJuYWNvcyIsImV4cCI6MTc3MjQ1NzkzN30.lxNd7S4yUbW_n-RQQmq59dlzvwMlXcCnXwJDNpi6ZC8","dataId":"goods","group":"mall_srv","tenant":"72c3d40e-f806-45d9-b801-a708c9eead74"}>, call domain error:<[404] config data not exist
> , result:<config data not exist
>
2026-03-02T16:25:37.204+0800	[31mERROR[0m	config_client/config_client.go:202	get config from server error:[404] config data not exist
 
2026-03-02T16:25:37.205+0800	[33mWARN[0m	config_client/config_client.go:207	[client.GetConfig] config not found, dataId: goods, group: mall_srv, namespaceId: 72c3d40e-f806-45d9-b801-a708c9eead74.
2026-03-02T16:28:53.256+0800	[34mINFO[0m	clients/client_factory.go:47	logDir:<tmp/nacos/log>   cacheDir:<tmp/nacos/cache>
2026-03-02T16:28:53.492+0800	[31mERROR[0m	nacos_server/nacos_server.go:199	api</v1/cs/configs>,method:<GET>, params:<{"accessToken":"eyJhbGciOiJIUzI1NiJ9.eyJzdWIiOiJuYWNvcyIsImV4cCI6MTc3MjQ1ODEzNH0.PgmCi-UM2ozpeC32NeuayjPUCpbLrUhx8WICRc5fF9E","dataId":"goods","group":"mall_srv","tenant":"72c3d40e-f806-45d9-b801-a708c9eead74"}>, call domain error:<[404] config data not exist
> , result:<config data not exist
>
2026-03-02T16:28:53.504+0800	[31mERROR[0m	nacos_server/nacos_server.go:199	api</v1/cs/configs>,method:<GET>, params:<{"accessToken":"eyJhbGciOiJIUzI1NiJ9.eyJzdWIiOiJuYWNvcyIsImV4cCI6MTc3MjQ1ODEzNH0.PgmCi-UM2ozpeC32NeuayjPUCpbLrUhx8WICRc5fF9E","dataId":"goods","group":"mall_srv","tenant":"72c3d40e-f806-45d9-b801-a708c9eead74"}>, call domain error:<[404] config data not exist
> , result:<config data not exist
>
2026-03-02T16:28:53.533+0800	[31mERROR[0m	nacos_server/nacos_server.go:199	api</v1/cs/configs>,method:<GET>, params:<{"accessToken":"eyJhbGciOiJIUzI1NiJ9.eyJzdWIiOiJuYWNvcyIsImV4cCI6MTc3MjQ1ODEzNH0.PgmCi-UM2ozpeC32NeuayjPUCpbLrUhx8WICRc5fF9E","dataId":"goods","group":"mall_srv","tenant":"72c3d40e-f806-45d9-b801-a708c9eead74"}>, call domain error:<[404] config data not exist
> , result:<config data not exist
>
2026-03-02T16:28:53.533+0800	[31mERROR[0m	config_client/config_client.go:202	get config from server error:[404] config data not exist
 
2026-03-02T16:28:53.533+0800	[33mWARN[0m	config_client/config_client.go:207	[client.GetConfig] config not found, dataId: goods, group: mall_srv, namespaceId: 72c3d40e-f806-45d9-b801-a708c9eead74.
2026-03-02T16:32:57.725+0800	[34mINFO[0m	clients/client_factory.go:47	logDir:<tmp/nacos/log>   cacheDir:<tmp/nacos/cache>
2026-03-02T16:32:57.861+0800	[31mERROR[0m	nacos_server/nacos_server.go:199	api</v1/cs/configs>,method:<GET>, params:<{"accessToken":"eyJhbGciOiJIUzI1NiJ9.eyJzdWIiOiJuYWNvcyIsImV4cCI6MTc3MjQ1ODM3OH0.hQEuj8AhT9X-j0UElvZ82R25kIkGRjS-EeyuBzpmlfw","dataId":"goods","group":"mall_srv","tenant":"72c3d40e-f806-45d9-b801-a708c9eead74"}>, call domain error:<[404] config data not exist
> , result:<config data not exist
>
2026-03-02T16:32:57.873+0800	[31mERROR[0m	nacos_server/nacos_server.go:199	api</v1/cs/configs>,method:<GET>, params:<{"accessToken":"eyJhbGciOiJIUzI1NiJ9.eyJzdWIiOiJuYWNvcyIsImV4cCI6MTc3MjQ1ODM3OH0.hQEuj8AhT9X-j0UElvZ82R25kIkGRjS-EeyuBzpmlfw","dataId":"goods","group":"mall_srv","tenant":"72c3d40e-f806-45d9-b801-a708c9eead74"}>, call domain error:<[404] config data not exist
> , result:<config data not exist
>
2026-03-02T16:32:57.880+0800	[31mERROR[0m	nacos_server/nacos_server.go:199	api</v1/cs/configs>,method:<GET>, params:<{"accessToken":"eyJhbGciOiJIUzI1NiJ9.eyJzdWIiOiJuYWNvcyIsImV4cCI6MTc3MjQ1ODM3OH0.hQEuj8AhT9X-j0UElvZ82R25kIkGRjS-EeyuBzpmlfw","dataId":"goods","group":"mall_srv","tenant":"72c3d40e-f806-45d9-b801-a708c9eead74"}>, call domain error:<[404] config data not exist
> , result:<config data not exist
>
2026-03-02T16:32:57.880+0800	[31mERROR[0m	config_client/config_client.go:202	get config from server error:[404] config data not exist
 
2026-03-02T16:32:57.880+0800	[33mWARN[0m	config_client/config_client.go:207	[client.GetConfig] config not found, dataId: goods, group: mall_srv, namespaceId: 72c3d40e-f806-45d9-b801-a708c9eead74.
2026-03-02T16:33:34.157+0800	[34mINFO[0m	clients/client_factory.go:47	logDir:<tmp/nacos/log>   cacheDir:<tmp/nacos/cache>
2026-03-02T16:33:34.305+0800	[31mERROR[0m	nacos_server/nacos_server.go:199	api</v1/cs/configs>,method:<GET>, params:<{"accessToken":"eyJhbGciOiJIUzI1NiJ9.eyJzdWIiOiJuYWNvcyIsImV4cCI6MTc3MjQ1ODQxNX0.Ckv4auxBknCWIWruN1N6zgrqDmLLMtQcSnZZn7ruEwU","dataId":"goods","group":"mall_srv","tenant":"72c3d40e-f806-45d9-b801-a708c9eead74"}>, call domain error:<[404] config data not exist
> , result:<config data not exist
>
2026-03-02T16:33:34.314+0800	[31mERROR[0m	nacos_server/nacos_server.go:199	api</v1/cs/configs>,method:<GET>, params:<{"accessToken":"eyJhbGciOiJIUzI1NiJ9.eyJzdWIiOiJuYWNvcyIsImV4cCI6MTc3MjQ1ODQxNX0.Ckv4auxBknCWIWruN1N6zgrqDmLLMtQcSnZZn7ruEwU","dataId":"goods","group":"mall_srv","tenant":"72c3d40e-f806-45d9-b801-a708c9eead74"}>, call domain error:<[404] config data not exist
> , result:<config data not exist
>
2026-03-02T16:33:34.319+0800	[31mERROR[0m	nacos_server/nacos_server.go:199	api</v1/cs/configs>,method:<GET>, params:<{"accessToken":"eyJhbGciOiJIUzI1NiJ9.eyJzdWIiOiJuYWNvcyIsImV4cCI6MTc3MjQ1ODQxNX0.Ckv4auxBknCWIWruN1N6zgrqDmLLMtQcSnZZn7ruEwU","dataId":"goods","group":"mall_srv","tenant":"72c3d40e-f806-45d9-b801-a708c9eead74"}>, call domain error:<[404] config data not exist
> , result:<config data not exist
>
2026-03-02T16:33:34.319+0800	[31mERROR[0m	config_client/config_client.go:202	get config from server error:[404] config data not exist
 
2026-03-02T16:33:34.319+0800	[33mWARN[0m	config_client/config_client.go:207	[client.GetConfig] config not found, dataId: goods, group: mall_srv, namespaceId: 72c3d40e-f806-45d9-b801-a708c9eead74.
2026-03-02T16:41:36.311+0800	[34mINFO[0m	clients/client_factory.go:47	logDir:<tmp/nacos/log>   cacheDir:<tmp/nacos/cache>
2026-03-02T16:42:45.047+0800	[34mINFO[0m	clients/client_factory.go:47	logDir:<tmp/nacos/log>   cacheDir:<tmp/nacos/cache>
2026-03-02T16:51:20.846+0800	[34mINFO[0m	clients/client_factory.go:47	logDir:<tmp/nacos/log>   cacheDir:<tmp/nacos/cache>
2026-03-02T16:54:48.015+0800	[34mINFO[0m	clients/client_factory.go:47	logDir:<tmp/nacos/log>   cacheDir:<tmp/nacos/cache>
2026-03-02T16:55:44.661+0800	[34mINFO[0m	clients/client_factory.go:47	logDir:<tmp/nacos/log>   cacheDir:<tmp/nacos/cache>
2026-03-02T16:59:04.149+0800	[34mINFO[0m	clients/client_factory.go:47	logDir:<tmp/nacos/log>   cacheDir:<tmp/nacos/cache>
2026-03-03T14:49:07.360+0800	[34mINFO[0m	clients/client_factory.go:47	logDir:<tmp/nacos/log>   cacheDir:<tmp/nacos/cache>
2026-03-03T14:49:12.372+0800	[31mERROR[0m	nacos_server/nacos_server.go:75	login has error Post "http://192.168.194.136:8848/nacos/v1/auth/users/login": context deadline exceeded (Client.Timeout exceeded while awaiting headers)
2026-03-03T14:49:17.372+0800	[31mERROR[0m	nacos_server/nacos_server.go:199	api</v1/cs/configs>,method:<GET>, params:<{"dataId":"goods","group":"srv","tenant":"72c3d40e-f806-45d9-b801-a708c9eead74"}>, call domain error:<Get "http://192.168.194.136:8848/nacos/v1/cs/configs?dataId=goods&group=srv&tenant=72c3d40e-f806-45d9-b801-a708c9eead74": context deadline exceeded (Client.Timeout exceeded while awaiting headers)> , result:<>
2026-03-04T14:57:02.957+0800	[34mINFO[0m	clients/client_factory.go:47	logDir:<tmp/nacos/log>   cacheDir:<tmp/nacos/cache>
2026-03-04T14:57:07.969+0800	[31mERROR[0m	nacos_server/nacos_server.go:75	login has error Post "http://192.168.194.136:8848/nacos/v1/auth/users/login": context deadline exceeded (Client.Timeout exceeded while awaiting headers)
2026-03-04T14:57:12.969+0800	[31mERROR[0m	nacos_server/nacos_server.go:199	api</v1/cs/configs>,method:<GET>, params:<{"dataId":"goods","group":"srv","tenant":"72c3d40e-f806-45d9-b801-a708c9eead74"}>, call domain error:<Get "http://192.168.194.136:8848/nacos/v1/cs/configs?tenant=72c3d40e-f806-45d9-b801-a708c9eead74&dataId=goods&group=srv": context deadline exceeded (Client.Timeout exceeded while awaiting headers)> , result:<>
2026-03-04T15:15:00.134+0800	[34mINFO[0m	clients/client_factory.go:47	logDir:<tmp/nacos/log>   cacheDir:<tmp/nacos/cache>
